{"C:\\Users\\Skidr\\Desktop\\StartDB2024\\src\\recintos-zoo.js": {"path":"C:\\Users\\Skidr\\Desktop\\StartDB2024\\src\\recintos-zoo.js","all":false,"statementMap":{"0":{"start":{"line":1,"column":0},"end":{"line":1,"column":52}},"1":{"start":{"line":2,"column":0},"end":{"line":2,"column":19}},"2":{"start":{"line":3,"column":0},"end":{"line":3,"column":0}},"3":{"start":{"line":4,"column":0},"end":{"line":4,"column":27}},"4":{"start":{"line":5,"column":0},"end":{"line":5,"column":19}},"5":{"start":{"line":6,"column":0},"end":{"line":6,"column":52}},"6":{"start":{"line":7,"column":0},"end":{"line":7,"column":24}},"7":{"start":{"line":8,"column":0},"end":{"line":8,"column":77}},"8":{"start":{"line":9,"column":0},"end":{"line":9,"column":81}},"9":{"start":{"line":10,"column":0},"end":{"line":10,"column":79}},"10":{"start":{"line":11,"column":0},"end":{"line":11,"column":92}},"11":{"start":{"line":12,"column":0},"end":{"line":12,"column":80}},"12":{"start":{"line":13,"column":0},"end":{"line":13,"column":90}},"13":{"start":{"line":14,"column":0},"end":{"line":14,"column":10}},"14":{"start":{"line":15,"column":0},"end":{"line":15,"column":0}},"15":{"start":{"line":16,"column":0},"end":{"line":16,"column":74}},"16":{"start":{"line":17,"column":0},"end":{"line":17,"column":25}},"17":{"start":{"line":18,"column":0},"end":{"line":18,"column":116}},"18":{"start":{"line":19,"column":0},"end":{"line":19,"column":84}},"19":{"start":{"line":20,"column":0},"end":{"line":20,"column":122}},"20":{"start":{"line":21,"column":0},"end":{"line":21,"column":79}},"21":{"start":{"line":22,"column":0},"end":{"line":22,"column":112}},"22":{"start":{"line":23,"column":0},"end":{"line":23,"column":10}},"23":{"start":{"line":24,"column":0},"end":{"line":24,"column":5}},"24":{"start":{"line":25,"column":0},"end":{"line":25,"column":0}},"25":{"start":{"line":26,"column":0},"end":{"line":26,"column":79}},"26":{"start":{"line":27,"column":0},"end":{"line":27,"column":41}},"27":{"start":{"line":28,"column":0},"end":{"line":28,"column":59}},"28":{"start":{"line":29,"column":0},"end":{"line":29,"column":73}},"29":{"start":{"line":30,"column":0},"end":{"line":30,"column":4}},"30":{"start":{"line":31,"column":0},"end":{"line":31,"column":69}},"31":{"start":{"line":32,"column":0},"end":{"line":32,"column":45}},"32":{"start":{"line":33,"column":0},"end":{"line":33,"column":108}},"33":{"start":{"line":34,"column":0},"end":{"line":34,"column":9}},"34":{"start":{"line":35,"column":0},"end":{"line":35,"column":8}},"35":{"start":{"line":36,"column":0},"end":{"line":36,"column":48}},"36":{"start":{"line":37,"column":0},"end":{"line":37,"column":33}},"37":{"start":{"line":38,"column":0},"end":{"line":38,"column":4}},"38":{"start":{"line":39,"column":0},"end":{"line":39,"column":58}},"39":{"start":{"line":40,"column":0},"end":{"line":40,"column":42}},"40":{"start":{"line":41,"column":0},"end":{"line":41,"column":12}},"41":{"start":{"line":42,"column":0},"end":{"line":42,"column":80}},"42":{"start":{"line":43,"column":0},"end":{"line":43,"column":108}},"43":{"start":{"line":44,"column":0},"end":{"line":44,"column":37}},"44":{"start":{"line":45,"column":0},"end":{"line":45,"column":0}},"45":{"start":{"line":46,"column":0},"end":{"line":46,"column":54}},"46":{"start":{"line":47,"column":0},"end":{"line":47,"column":67}},"47":{"start":{"line":48,"column":0},"end":{"line":48,"column":0}},"48":{"start":{"line":49,"column":0},"end":{"line":49,"column":89}},"49":{"start":{"line":50,"column":0},"end":{"line":50,"column":53}},"50":{"start":{"line":51,"column":0},"end":{"line":51,"column":96}},"51":{"start":{"line":52,"column":0},"end":{"line":52,"column":43}},"52":{"start":{"line":53,"column":0},"end":{"line":53,"column":17}},"53":{"start":{"line":54,"column":0},"end":{"line":54,"column":4}},"54":{"start":{"line":55,"column":0},"end":{"line":55,"column":65}},"55":{"start":{"line":56,"column":0},"end":{"line":56,"column":76}},"56":{"start":{"line":57,"column":0},"end":{"line":57,"column":77}},"57":{"start":{"line":58,"column":0},"end":{"line":58,"column":44}},"58":{"start":{"line":59,"column":0},"end":{"line":59,"column":15}},"59":{"start":{"line":60,"column":0},"end":{"line":60,"column":0}},"60":{"start":{"line":61,"column":0},"end":{"line":61,"column":86}},"61":{"start":{"line":62,"column":0},"end":{"line":62,"column":68}},"62":{"start":{"line":63,"column":0},"end":{"line":63,"column":0}},"63":{"start":{"line":64,"column":0},"end":{"line":64,"column":75}},"64":{"start":{"line":65,"column":0},"end":{"line":65,"column":83}},"65":{"start":{"line":66,"column":0},"end":{"line":66,"column":77}},"66":{"start":{"line":67,"column":0},"end":{"line":67,"column":69}},"67":{"start":{"line":68,"column":0},"end":{"line":68,"column":18}},"68":{"start":{"line":69,"column":0},"end":{"line":69,"column":0}},"69":{"start":{"line":70,"column":0},"end":{"line":70,"column":67}},"70":{"start":{"line":71,"column":0},"end":{"line":71,"column":69}},"71":{"start":{"line":72,"column":0},"end":{"line":72,"column":0}},"72":{"start":{"line":73,"column":0},"end":{"line":73,"column":53}},"73":{"start":{"line":74,"column":0},"end":{"line":74,"column":65}},"74":{"start":{"line":75,"column":0},"end":{"line":75,"column":0}},"75":{"start":{"line":76,"column":0},"end":{"line":76,"column":61}},"76":{"start":{"line":77,"column":0},"end":{"line":77,"column":29}},"77":{"start":{"line":78,"column":0},"end":{"line":78,"column":93}},"78":{"start":{"line":79,"column":0},"end":{"line":79,"column":0}},"79":{"start":{"line":80,"column":0},"end":{"line":80,"column":101}},"80":{"start":{"line":81,"column":0},"end":{"line":81,"column":62}},"81":{"start":{"line":82,"column":0},"end":{"line":82,"column":109}},"82":{"start":{"line":83,"column":0},"end":{"line":83,"column":49}},"83":{"start":{"line":84,"column":0},"end":{"line":84,"column":17}},"84":{"start":{"line":85,"column":0},"end":{"line":85,"column":0}},"85":{"start":{"line":86,"column":0},"end":{"line":86,"column":76}},"86":{"start":{"line":87,"column":0},"end":{"line":87,"column":35}},"87":{"start":{"line":88,"column":0},"end":{"line":88,"column":37}},"88":{"start":{"line":89,"column":0},"end":{"line":89,"column":17}},"89":{"start":{"line":90,"column":0},"end":{"line":90,"column":13}},"90":{"start":{"line":91,"column":0},"end":{"line":91,"column":0}},"91":{"start":{"line":92,"column":0},"end":{"line":92,"column":68}},"92":{"start":{"line":93,"column":0},"end":{"line":93,"column":63}},"93":{"start":{"line":94,"column":0},"end":{"line":94,"column":0}},"94":{"start":{"line":95,"column":0},"end":{"line":95,"column":89}},"95":{"start":{"line":96,"column":0},"end":{"line":96,"column":50}},"96":{"start":{"line":97,"column":0},"end":{"line":97,"column":123}},"97":{"start":{"line":98,"column":0},"end":{"line":98,"column":59}},"98":{"start":{"line":99,"column":0},"end":{"line":99,"column":13}},"99":{"start":{"line":100,"column":0},"end":{"line":100,"column":11}},"100":{"start":{"line":101,"column":0},"end":{"line":101,"column":0}},"101":{"start":{"line":102,"column":0},"end":{"line":102,"column":83}},"102":{"start":{"line":103,"column":0},"end":{"line":103,"column":41}},"103":{"start":{"line":104,"column":0},"end":{"line":104,"column":144}},"104":{"start":{"line":105,"column":0},"end":{"line":105,"column":16}},"105":{"start":{"line":106,"column":0},"end":{"line":106,"column":53}},"106":{"start":{"line":107,"column":0},"end":{"line":107,"column":9}},"107":{"start":{"line":108,"column":0},"end":{"line":108,"column":6}},"108":{"start":{"line":109,"column":0},"end":{"line":109,"column":1}},"109":{"start":{"line":110,"column":0},"end":{"line":110,"column":0}},"110":{"start":{"line":111,"column":0},"end":{"line":111,"column":37}}},"s":{"0":1,"1":1,"2":1,"3":1,"4":1,"5":5,"6":5,"7":5,"8":5,"9":5,"10":5,"11":5,"12":5,"13":5,"14":5,"15":5,"16":5,"17":5,"18":5,"19":5,"20":5,"21":5,"22":5,"23":5,"24":1,"25":1,"26":1,"27":5,"28":5,"29":5,"30":5,"31":5,"32":2,"33":2,"34":3,"35":3,"36":3,"37":3,"38":3,"39":3,"40":15,"41":15,"42":15,"43":15,"44":10,"45":10,"46":10,"47":10,"48":10,"49":15,"50":1,"51":1,"52":1,"53":9,"54":9,"55":9,"56":6,"57":6,"58":9,"59":9,"60":9,"61":15,"62":7,"63":7,"64":7,"65":4,"66":4,"67":7,"68":7,"69":7,"70":7,"71":7,"72":7,"73":7,"74":7,"75":7,"76":15,"77":4,"78":4,"79":4,"80":4,"81":0,"82":0,"83":0,"84":4,"85":4,"86":4,"87":2,"88":2,"89":4,"90":7,"91":7,"92":7,"93":7,"94":7,"95":15,"96":4,"97":4,"98":4,"99":3,"100":3,"101":3,"102":5,"103":2,"104":5,"105":1,"106":1,"107":5,"108":1,"109":1,"110":1},"branchMap":{"0":{"type":"branch","line":5,"loc":{"start":{"line":5,"column":4},"end":{"line":24,"column":5}},"locations":[{"start":{"line":5,"column":4},"end":{"line":24,"column":5}}]},"1":{"type":"branch","line":27,"loc":{"start":{"line":27,"column":4},"end":{"line":108,"column":6}},"locations":[{"start":{"line":27,"column":4},"end":{"line":108,"column":6}}]},"2":{"type":"branch","line":32,"loc":{"start":{"line":32,"column":23},"end":{"line":32,"column":42}},"locations":[{"start":{"line":32,"column":23},"end":{"line":32,"column":42}}]},"3":{"type":"branch","line":32,"loc":{"start":{"line":32,"column":44},"end":{"line":34,"column":9}},"locations":[{"start":{"line":32,"column":44},"end":{"line":34,"column":9}}]},"4":{"type":"branch","line":33,"loc":{"start":{"line":33,"column":38},"end":{"line":33,"column":58}},"locations":[{"start":{"line":33,"column":38},"end":{"line":33,"column":58}}]},"5":{"type":"branch","line":33,"loc":{"start":{"line":33,"column":58},"end":{"line":33,"column":82}},"locations":[{"start":{"line":33,"column":58},"end":{"line":33,"column":82}}]},"6":{"type":"branch","line":34,"loc":{"start":{"line":34,"column":8},"end":{"line":103,"column":40}},"locations":[{"start":{"line":34,"column":8},"end":{"line":103,"column":40}}]},"7":{"type":"branch","line":103,"loc":{"start":{"line":103,"column":40},"end":{"line":105,"column":9}},"locations":[{"start":{"line":103,"column":40},"end":{"line":105,"column":9}}]},"8":{"type":"branch","line":105,"loc":{"start":{"line":105,"column":9},"end":{"line":107,"column":9}},"locations":[{"start":{"line":105,"column":9},"end":{"line":107,"column":9}}]},"9":{"type":"branch","line":29,"loc":{"start":{"line":29,"column":45},"end":{"line":29,"column":71}},"locations":[{"start":{"line":29,"column":45},"end":{"line":29,"column":71}}]},"10":{"type":"branch","line":40,"loc":{"start":{"line":40,"column":30},"end":{"line":100,"column":9}},"locations":[{"start":{"line":40,"column":30},"end":{"line":100,"column":9}}]},"11":{"type":"branch","line":44,"loc":{"start":{"line":44,"column":30},"end":{"line":44,"column":37}},"locations":[{"start":{"line":44,"column":30},"end":{"line":44,"column":37}}]},"12":{"type":"branch","line":44,"loc":{"start":{"line":44,"column":30},"end":{"line":50,"column":40}},"locations":[{"start":{"line":44,"column":30},"end":{"line":50,"column":40}}]},"13":{"type":"branch","line":50,"loc":{"start":{"line":50,"column":36},"end":{"line":50,"column":50}},"locations":[{"start":{"line":50,"column":36},"end":{"line":50,"column":50}}]},"14":{"type":"branch","line":50,"loc":{"start":{"line":50,"column":52},"end":{"line":53,"column":17}},"locations":[{"start":{"line":50,"column":52},"end":{"line":53,"column":17}}]},"15":{"type":"branch","line":53,"loc":{"start":{"line":53,"column":12},"end":{"line":62,"column":37}},"locations":[{"start":{"line":53,"column":12},"end":{"line":62,"column":37}}]},"16":{"type":"branch","line":62,"loc":{"start":{"line":62,"column":33},"end":{"line":62,"column":58}},"locations":[{"start":{"line":62,"column":33},"end":{"line":62,"column":58}}]},"17":{"type":"branch","line":62,"loc":{"start":{"line":62,"column":60},"end":{"line":62,"column":68}},"locations":[{"start":{"line":62,"column":60},"end":{"line":62,"column":68}}]},"18":{"type":"branch","line":62,"loc":{"start":{"line":62,"column":60},"end":{"line":77,"column":28}},"locations":[{"start":{"line":62,"column":60},"end":{"line":77,"column":28}}]},"19":{"type":"branch","line":77,"loc":{"start":{"line":77,"column":28},"end":{"line":90,"column":13}},"locations":[{"start":{"line":77,"column":28},"end":{"line":90,"column":13}}]},"20":{"type":"branch","line":81,"loc":{"start":{"line":81,"column":43},"end":{"line":81,"column":59}},"locations":[{"start":{"line":81,"column":43},"end":{"line":81,"column":59}}]},"21":{"type":"branch","line":81,"loc":{"start":{"line":81,"column":61},"end":{"line":84,"column":17}},"locations":[{"start":{"line":81,"column":61},"end":{"line":84,"column":17}}]},"22":{"type":"branch","line":87,"loc":{"start":{"line":87,"column":34},"end":{"line":89,"column":17}},"locations":[{"start":{"line":87,"column":34},"end":{"line":89,"column":17}}]},"23":{"type":"branch","line":90,"loc":{"start":{"line":90,"column":12},"end":{"line":96,"column":49}},"locations":[{"start":{"line":90,"column":12},"end":{"line":96,"column":49}}]},"24":{"type":"branch","line":96,"loc":{"start":{"line":96,"column":49},"end":{"line":99,"column":13}},"locations":[{"start":{"line":96,"column":49},"end":{"line":99,"column":13}}]},"25":{"type":"branch","line":43,"loc":{"start":{"line":43,"column":51},"end":{"line":43,"column":106}},"locations":[{"start":{"line":43,"column":51},"end":{"line":43,"column":106}}]},"26":{"type":"branch","line":51,"loc":{"start":{"line":51,"column":68},"end":{"line":51,"column":94}},"locations":[{"start":{"line":51,"column":68},"end":{"line":51,"column":94}}]},"27":{"type":"branch","line":56,"loc":{"start":{"line":56,"column":68},"end":{"line":59,"column":13}},"locations":[{"start":{"line":56,"column":68},"end":{"line":59,"column":13}}]},"28":{"type":"branch","line":57,"loc":{"start":{"line":57,"column":51},"end":{"line":57,"column":75}},"locations":[{"start":{"line":57,"column":51},"end":{"line":57,"column":75}}]},"29":{"type":"branch","line":65,"loc":{"start":{"line":65,"column":66},"end":{"line":68,"column":13}},"locations":[{"start":{"line":65,"column":66},"end":{"line":68,"column":13}}]},"30":{"type":"branch","line":66,"loc":{"start":{"line":66,"column":51},"end":{"line":66,"column":75}},"locations":[{"start":{"line":66,"column":51},"end":{"line":66,"column":75}}]},"31":{"type":"branch","line":78,"loc":{"start":{"line":78,"column":65},"end":{"line":78,"column":91}},"locations":[{"start":{"line":78,"column":65},"end":{"line":78,"column":91}}]},"32":{"type":"branch","line":104,"loc":{"start":{"line":104,"column":58},"end":{"line":104,"column":140}},"locations":[{"start":{"line":104,"column":58},"end":{"line":104,"column":140}}]}},"b":{"0":[5],"1":[5],"2":[4],"3":[2],"4":[1],"5":[1],"6":[3],"7":[2],"8":[1],"9":[21],"10":[15],"11":[5],"12":[10],"13":[2],"14":[1],"15":[9],"16":[2],"17":[2],"18":[7],"19":[4],"20":[0],"21":[0],"22":[2],"23":[7],"24":[4],"25":[16],"26":[1],"27":[6],"28":[20],"29":[4],"30":[18],"31":[4],"32":[4]},"fnMap":{"0":{"name":"RecintosZoo","decl":{"start":{"line":5,"column":4},"end":{"line":24,"column":5}},"loc":{"start":{"line":5,"column":4},"end":{"line":24,"column":5}},"line":5},"1":{"name":"analisaRecintos","decl":{"start":{"line":27,"column":4},"end":{"line":108,"column":6}},"loc":{"start":{"line":27,"column":4},"end":{"line":108,"column":6}},"line":27}},"f":{"0":5,"1":5}}
}
