TN:
SF:src\recintos-zoo.js
FN:5,RecintosZoo
FN:27,analisaRecintos
FNF:2
FNH:2
FNDA:5,RecintosZoo
FNDA:5,analisaRecintos
DA:1,1
DA:2,1
DA:3,1
DA:4,1
DA:5,1
DA:6,5
DA:7,5
DA:8,5
DA:9,5
DA:10,5
DA:11,5
DA:12,5
DA:13,5
DA:14,5
DA:15,5
DA:16,5
DA:17,5
DA:18,5
DA:19,5
DA:20,5
DA:21,5
DA:22,5
DA:23,5
DA:24,5
DA:25,1
DA:26,1
DA:27,1
DA:28,5
DA:29,5
DA:30,5
DA:31,5
DA:32,5
DA:33,2
DA:34,2
DA:35,3
DA:36,3
DA:37,3
DA:38,3
DA:39,3
DA:40,3
DA:41,15
DA:42,15
DA:43,15
DA:44,15
DA:45,10
DA:46,10
DA:47,10
DA:48,10
DA:49,10
DA:50,15
DA:51,1
DA:52,1
DA:53,1
DA:54,9
DA:55,9
DA:56,9
DA:57,6
DA:58,6
DA:59,9
DA:60,9
DA:61,9
DA:62,15
DA:63,7
DA:64,7
DA:65,7
DA:66,4
DA:67,4
DA:68,7
DA:69,7
DA:70,7
DA:71,7
DA:72,7
DA:73,7
DA:74,7
DA:75,7
DA:76,7
DA:77,15
DA:78,4
DA:79,4
DA:80,4
DA:81,4
DA:82,0
DA:83,0
DA:84,0
DA:85,4
DA:86,4
DA:87,4
DA:88,2
DA:89,2
DA:90,4
DA:91,7
DA:92,7
DA:93,7
DA:94,7
DA:95,7
DA:96,15
DA:97,4
DA:98,4
DA:99,4
DA:100,3
DA:101,3
DA:102,3
DA:103,5
DA:104,2
DA:105,5
DA:106,1
DA:107,1
DA:108,5
DA:109,1
DA:110,1
DA:111,1
LF:111
LH:108
BRDA:5,0,0,5
BRDA:27,1,0,5
BRDA:32,2,0,4
BRDA:32,3,0,2
BRDA:33,4,0,1
BRDA:33,5,0,1
BRDA:34,6,0,3
BRDA:103,7,0,2
BRDA:105,8,0,1
BRDA:29,9,0,21
BRDA:40,10,0,15
BRDA:44,11,0,5
BRDA:44,12,0,10
BRDA:50,13,0,2
BRDA:50,14,0,1
BRDA:53,15,0,9
BRDA:62,16,0,2
BRDA:62,17,0,2
BRDA:62,18,0,7
BRDA:77,19,0,4
BRDA:81,20,0,0
BRDA:81,21,0,0
BRDA:87,22,0,2
BRDA:90,23,0,7
BRDA:96,24,0,4
BRDA:43,25,0,16
BRDA:51,26,0,1
BRDA:56,27,0,6
BRDA:57,28,0,20
BRDA:65,29,0,4
BRDA:66,30,0,18
BRDA:78,31,0,4
BRDA:104,32,0,4
BRF:33
BRH:31
end_of_record
